<?xml version="1.0" encoding="UTF-8"?>
<coverage generated="1612803343976" clover="3.2.0">
  <project timestamp="1612803343976" name="All files">
    <metrics statements="17" coveredstatements="15" conditionals="8" coveredconditionals="6" methods="4" coveredmethods="3" elements="29" coveredelements="24" complexity="0" loc="17" ncloc="17" packages="1" files="1" classes="1"/>
    <file name="app.ts" path="/Users/eaquiroz/Downloads/node-express-typescript/src/app.ts">
      <metrics statements="17" coveredstatements="15" conditionals="8" coveredconditionals="6" methods="4" coveredmethods="3"/>
      <line num="1" count="1" type="stmt"/>
      <line num="2" count="1" type="stmt"/>
      <line num="3" count="1" type="stmt"/>
      <line num="4" count="1" type="stmt"/>
      <line num="7" count="2" type="stmt"/>
      <line num="10" count="1" type="stmt"/>
      <line num="12" count="1" type="stmt"/>
      <line num="13" count="1" type="cond" truecount="3" falsecount="1"/>
      <line num="14" count="1" type="stmt"/>
      <line num="15" count="1" type="stmt"/>
      <line num="17" count="0" type="stmt"/>
      <line num="21" count="1" type="stmt"/>
      <line num="22" count="1" type="cond" truecount="3" falsecount="1"/>
      <line num="23" count="1" type="stmt"/>
      <line num="24" count="1" type="stmt"/>
      <line num="26" count="0" type="stmt"/>
      <line num="30" count="1" type="stmt"/>
    </file>
  </project>
</coverage>
